2021-04-12 10:15:51.413 INFO  com.wz.demo.DemoApplication                       :55   [32m                  [0;39m Starting DemoApplication using Java 1.8.0_231 on srdmx10133 with PID 29824 (C:\Users\wangz172\Documents\spring\target\classes started by wangz172 in C:\Users\wangz172\Documents\spring)
2021-04-12 10:15:51.420 INFO  com.wz.demo.DemoApplication                       :662  [32m                  [0;39m No active profile set, falling back to default profiles: default
2021-04-12 10:15:52.391 INFO  o.s.boot.web.embedded.tomcat.TomcatWebServer      :108  [32m                  [0;39m Tomcat initialized with port(s): 8881 (http)
2021-04-12 10:15:52.403 INFO  org.apache.coyote.http11.Http11NioProtocol        :173  [32m                  [0;39m Initializing ProtocolHandler ["http-nio-8881"]
2021-04-12 10:15:52.404 INFO  org.apache.catalina.core.StandardService          :173  [32m                  [0;39m Starting service [Tomcat]
2021-04-12 10:15:52.405 INFO  org.apache.catalina.core.StandardEngine           :173  [32m                  [0;39m Starting Servlet engine: [Apache Tomcat/9.0.44]
2021-04-12 10:15:52.951 INFO  o.a.c.core.ContainerBase.[Tomcat].[localhost].[/] :173  [32m                  [0;39m Initializing Spring embedded WebApplicationContext
2021-04-12 10:15:52.952 INFO  o.s.b.w.s.c.ServletWebServerApplicationContext    :289  [32m                  [0;39m Root WebApplicationContext: initialization completed in 1467 ms
2021-04-12 10:15:53.159 INFO  o.s.scheduling.concurrent.ThreadPoolTaskExecutor  :181  [32m                  [0;39m Initializing ExecutorService 'applicationTaskExecutor'
2021-04-12 10:15:53.340 INFO  org.apache.coyote.http11.Http11NioProtocol        :173  [32m                  [0;39m Starting ProtocolHandler ["http-nio-8881"]
2021-04-12 10:15:53.366 INFO  o.s.boot.web.embedded.tomcat.TomcatWebServer      :220  [32m                  [0;39m Tomcat started on port(s): 8881 (http) with context path ''
2021-04-12 10:15:53.376 INFO  com.wz.demo.DemoApplication                       :61   [32m                  [0;39m Started DemoApplication in 2.66 seconds (JVM running for 4.253)
2021-04-12 10:15:53.378 INFO  com.wz.demo.DemoApplication                       :17   [32m                  [0;39m running
2021-04-12 10:15:53.379 INFO  com.wz.demo.DemoApplication                       :18   [32m                  [0;39m 127.0.0.1:8881
2021-04-12 10:17:41.970 INFO  com.wz.demo.DemoApplication                       :55   [32m                  [0;39m Starting DemoApplication using Java 1.8.0_231 on srdmx10133 with PID 26960 (C:\Users\wangz172\Documents\spring\target\classes started by wangz172 in C:\Users\wangz172\Documents\spring)
2021-04-12 10:17:41.974 INFO  com.wz.demo.DemoApplication                       :662  [32m                  [0;39m No active profile set, falling back to default profiles: default
2021-04-12 10:17:42.930 INFO  o.s.boot.web.embedded.tomcat.TomcatWebServer      :108  [32m                  [0;39m Tomcat initialized with port(s): 8881 (http)
2021-04-12 10:17:42.940 INFO  org.apache.coyote.http11.Http11NioProtocol        :173  [32m                  [0;39m Initializing ProtocolHandler ["http-nio-8881"]
2021-04-12 10:17:42.941 INFO  org.apache.catalina.core.StandardService          :173  [32m                  [0;39m Starting service [Tomcat]
2021-04-12 10:17:42.942 INFO  org.apache.catalina.core.StandardEngine           :173  [32m                  [0;39m Starting Servlet engine: [Apache Tomcat/9.0.44]
2021-04-12 10:17:43.063 INFO  o.a.c.core.ContainerBase.[Tomcat].[localhost].[/] :173  [32m                  [0;39m Initializing Spring embedded WebApplicationContext
2021-04-12 10:17:43.063 INFO  o.s.b.w.s.c.ServletWebServerApplicationContext    :289  [32m                  [0;39m Root WebApplicationContext: initialization completed in 1038 ms
2021-04-12 10:17:43.331 INFO  o.s.scheduling.concurrent.ThreadPoolTaskExecutor  :181  [32m                  [0;39m Initializing ExecutorService 'applicationTaskExecutor'
2021-04-12 10:17:43.509 INFO  org.apache.coyote.http11.Http11NioProtocol        :173  [32m                  [0;39m Starting ProtocolHandler ["http-nio-8881"]
2021-04-12 10:17:43.537 INFO  o.s.boot.web.embedded.tomcat.TomcatWebServer      :220  [32m                  [0;39m Tomcat started on port(s): 8881 (http) with context path ''
2021-04-12 10:17:43.553 INFO  com.wz.demo.DemoApplication                       :61   [32m                  [0;39m Started DemoApplication in 2.124 seconds (JVM running for 3.19)
2021-04-12 10:17:43.556 INFO  com.wz.demo.DemoApplication                       :17   [32m                  [0;39m running
2021-04-12 10:17:43.556 INFO  com.wz.demo.DemoApplication                       :18   [32m                  [0;39m 127.0.0.1:8881
2021-04-12 10:18:18.061 INFO  o.a.c.core.ContainerBase.[Tomcat].[localhost].[/] :173  [32m                  [0;39m Initializing Spring DispatcherServlet 'dispatcherServlet'
2021-04-12 10:18:18.061 INFO  org.springframework.web.servlet.DispatcherServlet :525  [32m                  [0;39m Initializing Servlet 'dispatcherServlet'
2021-04-12 10:18:18.062 INFO  org.springframework.web.servlet.DispatcherServlet :547  [32m                  [0;39m Completed initialization in 1 ms
2021-04-12 10:21:02.250 INFO  com.wz.demo.DemoApplication                       :55   [32m                  [0;39m Starting DemoApplication using Java 1.8.0_231 on srdmx10133 with PID 21532 (C:\Users\wangz172\Documents\spring\target\classes started by wangz172 in C:\Users\wangz172\Documents\spring)
2021-04-12 10:21:02.253 INFO  com.wz.demo.DemoApplication                       :662  [32m                  [0;39m No active profile set, falling back to default profiles: default
2021-04-12 10:21:03.050 INFO  o.s.boot.web.embedded.tomcat.TomcatWebServer      :108  [32m                  [0;39m Tomcat initialized with port(s): 8881 (http)
2021-04-12 10:21:03.057 INFO  org.apache.coyote.http11.Http11NioProtocol        :173  [32m                  [0;39m Initializing ProtocolHandler ["http-nio-8881"]
2021-04-12 10:21:03.058 INFO  org.apache.catalina.core.StandardService          :173  [32m                  [0;39m Starting service [Tomcat]
2021-04-12 10:21:03.059 INFO  org.apache.catalina.core.StandardEngine           :173  [32m                  [0;39m Starting Servlet engine: [Apache Tomcat/9.0.44]
2021-04-12 10:21:03.127 INFO  o.a.c.core.ContainerBase.[Tomcat].[localhost].[/] :173  [32m                  [0;39m Initializing Spring embedded WebApplicationContext
2021-04-12 10:21:03.127 INFO  o.s.b.w.s.c.ServletWebServerApplicationContext    :289  [32m                  [0;39m Root WebApplicationContext: initialization completed in 827 ms
2021-04-12 10:21:03.256 INFO  o.s.scheduling.concurrent.ThreadPoolTaskExecutor  :181  [32m                  [0;39m Initializing ExecutorService 'applicationTaskExecutor'
2021-04-12 10:21:03.380 INFO  org.apache.coyote.http11.Http11NioProtocol        :173  [32m                  [0;39m Starting ProtocolHandler ["http-nio-8881"]
2021-04-12 10:21:03.402 INFO  o.s.boot.web.embedded.tomcat.TomcatWebServer      :220  [32m                  [0;39m Tomcat started on port(s): 8881 (http) with context path ''
2021-04-12 10:21:03.410 INFO  com.wz.demo.DemoApplication                       :61   [32m                  [0;39m Started DemoApplication in 1.735 seconds (JVM running for 2.799)
2021-04-12 10:21:03.412 INFO  com.wz.demo.DemoApplication                       :17   [32m                  [0;39m running
2021-04-12 10:21:03.413 INFO  com.wz.demo.DemoApplication                       :18   [32m                  [0;39m 127.0.0.1:8881
2021-04-12 10:21:07.677 INFO  o.a.c.core.ContainerBase.[Tomcat].[localhost].[/] :173  [32m                  [0;39m Initializing Spring DispatcherServlet 'dispatcherServlet'
2021-04-12 10:21:07.678 INFO  org.springframework.web.servlet.DispatcherServlet :525  [32m                  [0;39m Initializing Servlet 'dispatcherServlet'
2021-04-12 10:21:07.680 INFO  org.springframework.web.servlet.DispatcherServlet :547  [32m                  [0;39m Completed initialization in 1 ms
